Using pre-set license
Built from '2020.3/release' branch; Version is '2020.3.1f1 (77a89f25062f) revision 7841951'; Using compiler version '192528614'; Build Type 'Release'
OS: 'Windows 10 Home Single Language; OS build 18363.1440; Version 1909; 64bit' Language: 'en' Physical Memory: 8002 MB
BatchMode: 1, IsHumanControllingUs: 0, StartBugReporterOnCrash: 0, Is64bit: 1, IsPro: 0

 COMMAND LINE ARGUMENTS:
C:\Program Files\Unity\Hub\Editor\2020.3.1f1\Editor\Unity.exe
-adb2
-batchMode
-noUpm
-name
AssetImportWorker1
-projectPath
C:/Users/madur/OneDrive/Dokumen/Unity Project/magang/Reflection-of-Persona
-logFile
Logs/AssetImportWorker1.log
-srvPort
64814
Successfully changed project path to: C:/Users/madur/OneDrive/Dokumen/Unity Project/magang/Reflection-of-Persona
C:/Users/madur/OneDrive/Dokumen/Unity Project/magang/Reflection-of-Persona
Using Asset Import Pipeline V2.
Refreshing native plugins compatible for Editor in 51.40 ms, found 1 plugins.
Preloading 0 native plugins for Editor in 0.00 ms.
Initialize engine version: 2020.3.1f1 (77a89f25062f)
[Subsystems] Discovering subsystems at path C:/Program Files/Unity/Hub/Editor/2020.3.1f1/Editor/Data/Resources/UnitySubsystems
[Subsystems] Discovering subsystems at path C:/Users/madur/OneDrive/Dokumen/Unity Project/magang/Reflection-of-Persona/Assets
GfxDevice: creating device client; threaded=0
Direct3D:
    Version:  Direct3D 11.0 [level 11.1]
    Renderer: AMD Radeon(TM) Vega 8 Graphics (ID=0x15d8)
    Vendor:   
    VRAM:     4001 MB
    Driver:   26.20.12036.4002
Initialize mono
Mono path[0] = 'C:/Program Files/Unity/Hub/Editor/2020.3.1f1/Editor/Data/Managed'
Mono path[1] = 'C:/Program Files/Unity/Hub/Editor/2020.3.1f1/Editor/Data/MonoBleedingEdge/lib/mono/unityjit'
Mono config path = 'C:/Program Files/Unity/Hub/Editor/2020.3.1f1/Editor/Data/MonoBleedingEdge/etc'
Using monoOptions --debugger-agent=transport=dt_socket,embedding=1,server=y,suspend=n,address=127.0.0.1:56360
Begin MonoManager ReloadAssembly
Registering precompiled unity dll's ...
Register platform support module: C:/Program Files/Unity/Hub/Editor/2020.3.1f1/Editor/Data/PlaybackEngines/WindowsStandaloneSupport/UnityEditor.WindowsStandalone.Extensions.dll
Registered in 0.002654 seconds.
Native extension for WindowsStandalone target not found
Refreshing native plugins compatible for Editor in 50.74 ms, found 1 plugins.
Preloading 0 native plugins for Editor in 0.00 ms.
Invoked RoslynAnalysisRunner static constructor.
RoslynAnalysisRunner will not be running.
RoslynAnalysisRunner has terminated.
Mono: successfully reloaded assembly
- Completed reload, in  8.073 seconds
Platform modules already initialized, skipping
Registering precompiled user dll's ...
Registered in 0.001396 seconds.
