Using pre-set license
Built from '2020.3/release' branch; Version is '2020.3.1f1 (77a89f25062f) revision 7841951'; Using compiler version '192528614'; Build Type 'Release'
OS: 'Windows 10 Pro; OS build 21313.1000; Version 2009; 64bit' Language: 'en' Physical Memory: 8096 MB
BatchMode: 1, IsHumanControllingUs: 0, StartBugReporterOnCrash: 0, Is64bit: 1, IsPro: 0

 COMMAND LINE ARGUMENTS:
D:\Program Files (x86)\2020.3.1f1\Editor\Unity.exe
-adb2
-batchMode
-noUpm
-name
AssetImportWorker0
-projectPath
E:/Punya Ariel/Proyek Ariel/Game Engine/Reflection of Persona
-logFile
Logs/AssetImportWorker0.log
-srvPort
53219
Successfully changed project path to: E:/Punya Ariel/Proyek Ariel/Game Engine/Reflection of Persona
E:/Punya Ariel/Proyek Ariel/Game Engine/Reflection of Persona
Using Asset Import Pipeline V2.
Refreshing native plugins compatible for Editor in 178.17 ms, found 1 plugins.
Preloading 0 native plugins for Editor in 0.00 ms.
Initialize engine version: 2020.3.1f1 (77a89f25062f)
[Subsystems] Discovering subsystems at path D:/Program Files (x86)/2020.3.1f1/Editor/Data/Resources/UnitySubsystems
[Subsystems] Discovering subsystems at path E:/Punya Ariel/Proyek Ariel/Game Engine/Reflection of Persona/Assets
GfxDevice: creating device client; threaded=0
Direct3D:
    Version:  Direct3D 11.0 [level 11.0]
    Renderer: NVIDIA GeForce 610M (ID=0x1058)
    Vendor:   
    VRAM:     1974 MB
    Driver:   23.21.13.9135
Initialize mono
Mono path[0] = 'D:/Program Files (x86)/2020.3.1f1/Editor/Data/Managed'
Mono path[1] = 'D:/Program Files (x86)/2020.3.1f1/Editor/Data/MonoBleedingEdge/lib/mono/unityjit'
Mono config path = 'D:/Program Files (x86)/2020.3.1f1/Editor/Data/MonoBleedingEdge/etc'
Using monoOptions --debugger-agent=transport=dt_socket,embedding=1,server=y,suspend=n,address=127.0.0.1:56360
Begin MonoManager ReloadAssembly
Registering precompiled unity dll's ...
Register platform support module: D:/Program Files (x86)/2020.3.1f1/Editor/Data/PlaybackEngines/WindowsStandaloneSupport/UnityEditor.WindowsStandalone.Extensions.dll
Registered in 0.003074 seconds.
Native extension for WindowsStandalone target not found
Refreshing native plugins compatible for Editor in 198.08 ms, found 1 plugins.
Preloading 0 native plugins for Editor in 0.00 ms.
Invoked RoslynAnalysisRunner static constructor.
RoslynAnalysisRunner will not be running.
RoslynAnalysisRunner has terminated.
Mono: successfully reloaded assembly
- Completed reload, in  3.350 seconds
Platform modules already initialized, skipping
Registering precompiled user dll's ...
Registered in 0.001310 seconds.
Begin MonoManager ReloadAssembly
Native extension for WindowsStandalone target not found
Refreshing native plugins compatible for Editor in 115.29 ms, found 1 plugins.
Preloading 0 native plugins for Editor in 0.00 ms.
Invoked RoslynAnalysisRunner static constructor.
RoslynAnalysisRunner will not be running.
RoslynAnalysisRunner has terminated.
Mono: successfully reloaded assembly
- Completed reload, in  6.513 seconds
Platform modules already initialized, skipping
========================================================================
Worker process is ready to serve import requests
Launched and connected shader compiler UnityShaderCompiler.exe after 0.83 seconds
Refreshing native plugins compatible for Editor in 0.85 ms, found 1 plugins.
Preloading 0 native plugins for Editor in 0.00 ms.
Unloading 1834 Unused Serialized files (Serialized files now loaded: 0)
System memory in use before: 85.3 MB.
System memory in use after: 85.3 MB.

Unloading 24 unused Assets to reduce memory usage. Loaded Objects now: 2276.
Total: 15.547700 ms (FindLiveObjects: 1.064800 ms CreateObjectMapping: 0.450100 ms MarkObjects: 13.075900 ms  DeleteObjects: 0.953000 ms)

========================================================================
Received Import Request.
  path: Assets/MyAssets/Ariel/Scripts/ArealCameraStandby.cs
  artifactKey: Guid(42aa6d87b71737c4eaf70089dfe27b4f) Importer(815301076,1909f56bfc062723c751e8b465ee728b)
Start importing Assets/MyAssets/Ariel/Scripts/ArealCameraStandby.cs using Guid(42aa6d87b71737c4eaf70089dfe27b4f) Importer(815301076,1909f56bfc062723c751e8b465ee728b)  -> (artifact id: '5a7d030555ea7103b22fac3083356dc6') in 0.838874 seconds
  Import took 1.708982 seconds .

========================================================================
Received Prepare
Registering precompiled user dll's ...
Registered in 0.001189 seconds.
Begin MonoManager ReloadAssembly
Native extension for WindowsStandalone target not found
Refreshing native plugins compatible for Editor in 0.66 ms, found 1 plugins.
Preloading 0 native plugins for Editor in 0.00 ms.
Invoked RoslynAnalysisRunner static constructor.
RoslynAnalysisRunner will not be running.
RoslynAnalysisRunner has terminated.
Mono: successfully reloaded assembly
- Completed reload, in  5.105 seconds
Platform modules already initialized, skipping
Refreshing native plugins compatible for Editor in 0.95 ms, found 1 plugins.
Preloading 0 native plugins for Editor in 0.00 ms.
Unloading 1829 Unused Serialized files (Serialized files now loaded: 0)
System memory in use before: 85.3 MB.
System memory in use after: 85.3 MB.

Unloading 12 unused Assets to reduce memory usage. Loaded Objects now: 2280.
Total: 4.558100 ms (FindLiveObjects: 0.849700 ms CreateObjectMapping: 0.211700 ms MarkObjects: 3.126800 ms  DeleteObjects: 0.367200 ms)

========================================================================
Received Prepare
Registering precompiled user dll's ...
Registered in 0.001651 seconds.
Begin MonoManager ReloadAssembly
Native extension for WindowsStandalone target not found
Refreshing native plugins compatible for Editor in 0.65 ms, found 1 plugins.
Preloading 0 native plugins for Editor in 0.00 ms.
Invoked RoslynAnalysisRunner static constructor.
RoslynAnalysisRunner will not be running.
RoslynAnalysisRunner has terminated.
Mono: successfully reloaded assembly
- Completed reload, in  2.091 seconds
Platform modules already initialized, skipping
Refreshing native plugins compatible for Editor in 0.63 ms, found 1 plugins.
Preloading 0 native plugins for Editor in 0.00 ms.
Unloading 1829 Unused Serialized files (Serialized files now loaded: 0)
System memory in use before: 85.3 MB.
System memory in use after: 85.3 MB.

Unloading 12 unused Assets to reduce memory usage. Loaded Objects now: 2284.
Total: 4.041100 ms (FindLiveObjects: 0.420400 ms CreateObjectMapping: 0.101900 ms MarkObjects: 2.898200 ms  DeleteObjects: 0.616500 ms)

========================================================================
Received Import Request.
  Time since last request: 843.348690 seconds.
  path: Assets/MyAssets/Ariel/Scripts/PlayerMovement.cs
  artifactKey: Guid(576443f553a6e064ebd95b921b7adc5d) Importer(815301076,1909f56bfc062723c751e8b465ee728b)
Start importing Assets/MyAssets/Ariel/Scripts/PlayerMovement.cs using Guid(576443f553a6e064ebd95b921b7adc5d) Importer(815301076,1909f56bfc062723c751e8b465ee728b)  -> (artifact id: '9303a49192612f87084fb48a18608ae6') in 0.067216 seconds
  Import took 0.102539 seconds .

========================================================================
Received Prepare
Registering precompiled user dll's ...
Registered in 0.001621 seconds.
Begin MonoManager ReloadAssembly
Native extension for WindowsStandalone target not found
Refreshing native plugins compatible for Editor in 0.70 ms, found 1 plugins.
Preloading 0 native plugins for Editor in 0.00 ms.
Invoked RoslynAnalysisRunner static constructor.
RoslynAnalysisRunner will not be running.
RoslynAnalysisRunner has terminated.
Mono: successfully reloaded assembly
- Completed reload, in  2.535 seconds
Platform modules already initialized, skipping
Refreshing native plugins compatible for Editor in 0.59 ms, found 1 plugins.
Preloading 0 native plugins for Editor in 0.00 ms.
Unloading 1829 Unused Serialized files (Serialized files now loaded: 0)
System memory in use before: 85.4 MB.
System memory in use after: 85.4 MB.

Unloading 12 unused Assets to reduce memory usage. Loaded Objects now: 2288.
Total: 3.157400 ms (FindLiveObjects: 0.240900 ms CreateObjectMapping: 0.080600 ms MarkObjects: 2.528100 ms  DeleteObjects: 0.305400 ms)

========================================================================
Received Prepare
Registering precompiled user dll's ...
Registered in 0.001820 seconds.
Begin MonoManager ReloadAssembly
Native extension for WindowsStandalone target not found
Refreshing native plugins compatible for Editor in 0.85 ms, found 1 plugins.
Preloading 0 native plugins for Editor in 0.00 ms.
Invoked RoslynAnalysisRunner static constructor.
RoslynAnalysisRunner will not be running.
RoslynAnalysisRunner has terminated.
Mono: successfully reloaded assembly
- Completed reload, in  4.433 seconds
Platform modules already initialized, skipping
Refreshing native plugins compatible for Editor in 1.12 ms, found 1 plugins.
Preloading 0 native plugins for Editor in 0.00 ms.
Unloading 1829 Unused Serialized files (Serialized files now loaded: 0)
System memory in use before: 85.4 MB.
System memory in use after: 85.4 MB.

Unloading 12 unused Assets to reduce memory usage. Loaded Objects now: 2292.
Total: 9.811900 ms (FindLiveObjects: 0.361200 ms CreateObjectMapping: 0.116100 ms MarkObjects: 9.077200 ms  DeleteObjects: 0.254400 ms)

========================================================================
Received Prepare
Registering precompiled user dll's ...
Registered in 0.001876 seconds.
Begin MonoManager ReloadAssembly
Native extension for WindowsStandalone target not found
Refreshing native plugins compatible for Editor in 0.84 ms, found 1 plugins.
Preloading 0 native plugins for Editor in 0.00 ms.
Invoked RoslynAnalysisRunner static constructor.
RoslynAnalysisRunner will not be running.
RoslynAnalysisRunner has terminated.
Mono: successfully reloaded assembly
- Completed reload, in  4.035 seconds
Platform modules already initialized, skipping
Refreshing native plugins compatible for Editor in 1.13 ms, found 1 plugins.
Preloading 0 native plugins for Editor in 0.00 ms.
Unloading 1829 Unused Serialized files (Serialized files now loaded: 0)
System memory in use before: 85.4 MB.
System memory in use after: 85.4 MB.

Unloading 12 unused Assets to reduce memory usage. Loaded Objects now: 2296.
Total: 5.228200 ms (FindLiveObjects: 0.399600 ms CreateObjectMapping: 0.133100 ms MarkObjects: 3.816000 ms  DeleteObjects: 0.876700 ms)

========================================================================
Received Prepare
Registering precompiled user dll's ...
Registered in 0.001179 seconds.
Begin MonoManager ReloadAssembly
Native extension for WindowsStandalone target not found
Refreshing native plugins compatible for Editor in 0.66 ms, found 1 plugins.
Preloading 0 native plugins for Editor in 0.00 ms.
Invoked RoslynAnalysisRunner static constructor.
RoslynAnalysisRunner will not be running.
RoslynAnalysisRunner has terminated.
Mono: successfully reloaded assembly
- Completed reload, in  2.292 seconds
Platform modules already initialized, skipping
Refreshing native plugins compatible for Editor in 0.91 ms, found 1 plugins.
Preloading 0 native plugins for Editor in 0.00 ms.
Unloading 1829 Unused Serialized files (Serialized files now loaded: 0)
System memory in use before: 85.4 MB.
System memory in use after: 85.4 MB.

Unloading 12 unused Assets to reduce memory usage. Loaded Objects now: 2300.
Total: 3.831100 ms (FindLiveObjects: 0.543800 ms CreateObjectMapping: 0.178100 ms MarkObjects: 2.919700 ms  DeleteObjects: 0.185600 ms)

========================================================================
Received Prepare
Registering precompiled user dll's ...
Registered in 0.001836 seconds.
Begin MonoManager ReloadAssembly
Native extension for WindowsStandalone target not found
Refreshing native plugins compatible for Editor in 1.18 ms, found 1 plugins.
Preloading 0 native plugins for Editor in 0.00 ms.
Invoked RoslynAnalysisRunner static constructor.
RoslynAnalysisRunner will not be running.
RoslynAnalysisRunner has terminated.
Mono: successfully reloaded assembly
- Completed reload, in  2.417 seconds
Platform modules already initialized, skipping
Refreshing native plugins compatible for Editor in 0.79 ms, found 1 plugins.
Preloading 0 native plugins for Editor in 0.00 ms.
Unloading 1829 Unused Serialized files (Serialized files now loaded: 0)
System memory in use before: 85.4 MB.
System memory in use after: 85.4 MB.

Unloading 12 unused Assets to reduce memory usage. Loaded Objects now: 2304.
Total: 3.861300 ms (FindLiveObjects: 0.433000 ms CreateObjectMapping: 0.102700 ms MarkObjects: 3.149400 ms  DeleteObjects: 0.173700 ms)

========================================================================
Received Prepare
Registering precompiled user dll's ...
Registered in 0.001486 seconds.
Begin MonoManager ReloadAssembly
Native extension for WindowsStandalone target not found
Refreshing native plugins compatible for Editor in 0.88 ms, found 1 plugins.
Preloading 0 native plugins for Editor in 0.00 ms.
Invoked RoslynAnalysisRunner static constructor.
RoslynAnalysisRunner will not be running.
RoslynAnalysisRunner has terminated.
Mono: successfully reloaded assembly
- Completed reload, in  2.885 seconds
Platform modules already initialized, skipping
Refreshing native plugins compatible for Editor in 0.78 ms, found 1 plugins.
Preloading 0 native plugins for Editor in 0.00 ms.
Unloading 1829 Unused Serialized files (Serialized files now loaded: 0)
System memory in use before: 85.4 MB.
System memory in use after: 85.4 MB.

Unloading 12 unused Assets to reduce memory usage. Loaded Objects now: 2308.
Total: 3.838600 ms (FindLiveObjects: 0.349400 ms CreateObjectMapping: 0.089900 ms MarkObjects: 3.163200 ms  DeleteObjects: 0.233900 ms)

========================================================================
Received Prepare
Registering precompiled user dll's ...
Registered in 0.001162 seconds.
Begin MonoManager ReloadAssembly
Native extension for WindowsStandalone target not found
Refreshing native plugins compatible for Editor in 0.87 ms, found 1 plugins.
Preloading 0 native plugins for Editor in 0.00 ms.
Invoked RoslynAnalysisRunner static constructor.
RoslynAnalysisRunner will not be running.
RoslynAnalysisRunner has terminated.
Mono: successfully reloaded assembly
- Completed reload, in  3.547 seconds
Platform modules already initialized, skipping
Refreshing native plugins compatible for Editor in 0.98 ms, found 1 plugins.
Preloading 0 native plugins for Editor in 0.00 ms.
Unloading 1829 Unused Serialized files (Serialized files now loaded: 0)
System memory in use before: 85.4 MB.
System memory in use after: 85.4 MB.

Unloading 12 unused Assets to reduce memory usage. Loaded Objects now: 2312.
Total: 4.189000 ms (FindLiveObjects: 0.241800 ms CreateObjectMapping: 0.100500 ms MarkObjects: 3.464100 ms  DeleteObjects: 0.379700 ms)

========================================================================
Received Prepare
Registering precompiled user dll's ...
Registered in 0.001427 seconds.
Begin MonoManager ReloadAssembly
Native extension for WindowsStandalone target not found
Refreshing native plugins compatible for Editor in 0.59 ms, found 1 plugins.
Preloading 0 native plugins for Editor in 0.00 ms.
Invoked RoslynAnalysisRunner static constructor.
RoslynAnalysisRunner will not be running.
RoslynAnalysisRunner has terminated.
Mono: successfully reloaded assembly
- Completed reload, in  1.999 seconds
Platform modules already initialized, skipping
Refreshing native plugins compatible for Editor in 0.71 ms, found 1 plugins.
Preloading 0 native plugins for Editor in 0.00 ms.
Unloading 1829 Unused Serialized files (Serialized files now loaded: 0)
System memory in use before: 85.4 MB.
System memory in use after: 85.4 MB.

Unloading 12 unused Assets to reduce memory usage. Loaded Objects now: 2316.
Total: 3.064500 ms (FindLiveObjects: 0.328600 ms CreateObjectMapping: 0.083000 ms MarkObjects: 2.394400 ms  DeleteObjects: 0.255900 ms)

========================================================================
Received Prepare
Registering precompiled user dll's ...
Registered in 0.001657 seconds.
Begin MonoManager ReloadAssembly
Native extension for WindowsStandalone target not found
Refreshing native plugins compatible for Editor in 0.66 ms, found 1 plugins.
Preloading 0 native plugins for Editor in 0.00 ms.
Invoked RoslynAnalysisRunner static constructor.
RoslynAnalysisRunner will not be running.
RoslynAnalysisRunner has terminated.
Mono: successfully reloaded assembly
- Completed reload, in  3.262 seconds
Platform modules already initialized, skipping
Refreshing native plugins compatible for Editor in 0.66 ms, found 1 plugins.
Preloading 0 native plugins for Editor in 0.00 ms.
Unloading 1829 Unused Serialized files (Serialized files now loaded: 0)
System memory in use before: 85.5 MB.
System memory in use after: 85.4 MB.

Unloading 12 unused Assets to reduce memory usage. Loaded Objects now: 2320.
Total: 9.294700 ms (FindLiveObjects: 0.415800 ms CreateObjectMapping: 0.491800 ms MarkObjects: 8.107600 ms  DeleteObjects: 0.276000 ms)

========================================================================
Received Prepare
Registering precompiled user dll's ...
Registered in 0.002866 seconds.
Begin MonoManager ReloadAssembly
Native extension for WindowsStandalone target not found
Refreshing native plugins compatible for Editor in 0.65 ms, found 1 plugins.
Preloading 0 native plugins for Editor in 0.00 ms.
Invoked RoslynAnalysisRunner static constructor.
RoslynAnalysisRunner will not be running.
RoslynAnalysisRunner has terminated.
Mono: successfully reloaded assembly
- Completed reload, in  2.371 seconds
Platform modules already initialized, skipping
Refreshing native plugins compatible for Editor in 0.57 ms, found 1 plugins.
Preloading 0 native plugins for Editor in 0.00 ms.
Unloading 1829 Unused Serialized files (Serialized files now loaded: 0)
System memory in use before: 85.5 MB.
System memory in use after: 85.5 MB.

Unloading 12 unused Assets to reduce memory usage. Loaded Objects now: 2324.
Total: 3.224800 ms (FindLiveObjects: 0.342700 ms CreateObjectMapping: 0.096900 ms MarkObjects: 2.465800 ms  DeleteObjects: 0.317300 ms)

========================================================================
Received Prepare
Registering precompiled user dll's ...
Registered in 0.001867 seconds.
Begin MonoManager ReloadAssembly
Native extension for WindowsStandalone target not found
Refreshing native plugins compatible for Editor in 1.16 ms, found 1 plugins.
Preloading 0 native plugins for Editor in 0.00 ms.
Invoked RoslynAnalysisRunner static constructor.
RoslynAnalysisRunner will not be running.
RoslynAnalysisRunner has terminated.
Mono: successfully reloaded assembly
- Completed reload, in  2.463 seconds
Platform modules already initialized, skipping
Refreshing native plugins compatible for Editor in 2.33 ms, found 1 plugins.
Preloading 0 native plugins for Editor in 0.00 ms.
Unloading 1829 Unused Serialized files (Serialized files now loaded: 0)
System memory in use before: 85.5 MB.
System memory in use after: 85.5 MB.

Unloading 12 unused Assets to reduce memory usage. Loaded Objects now: 2328.
Total: 5.391100 ms (FindLiveObjects: 0.993500 ms CreateObjectMapping: 0.478000 ms MarkObjects: 3.741700 ms  DeleteObjects: 0.175000 ms)

========================================================================
Received Prepare
Registering precompiled user dll's ...
Registered in 0.008411 seconds.
Begin MonoManager ReloadAssembly
Native extension for WindowsStandalone target not found
Refreshing native plugins compatible for Editor in 0.64 ms, found 1 plugins.
Preloading 0 native plugins for Editor in 0.00 ms.
Invoked RoslynAnalysisRunner static constructor.
RoslynAnalysisRunner will not be running.
RoslynAnalysisRunner has terminated.
Mono: successfully reloaded assembly
- Completed reload, in  2.252 seconds
Platform modules already initialized, skipping
Refreshing native plugins compatible for Editor in 0.65 ms, found 1 plugins.
Preloading 0 native plugins for Editor in 0.00 ms.
Unloading 1829 Unused Serialized files (Serialized files now loaded: 0)
System memory in use before: 85.5 MB.
System memory in use after: 85.5 MB.

Unloading 12 unused Assets to reduce memory usage. Loaded Objects now: 2332.
Total: 3.904100 ms (FindLiveObjects: 0.222500 ms CreateObjectMapping: 0.124000 ms MarkObjects: 3.346800 ms  DeleteObjects: 0.207900 ms)

========================================================================
Received Prepare
Registering precompiled user dll's ...
Registered in 0.003858 seconds.
Begin MonoManager ReloadAssembly
Native extension for WindowsStandalone target not found
Refreshing native plugins compatible for Editor in 0.60 ms, found 1 plugins.
Preloading 0 native plugins for Editor in 0.00 ms.
Invoked RoslynAnalysisRunner static constructor.
RoslynAnalysisRunner will not be running.
RoslynAnalysisRunner has terminated.
Mono: successfully reloaded assembly
- Completed reload, in  2.323 seconds
Platform modules already initialized, skipping
Refreshing native plugins compatible for Editor in 0.65 ms, found 1 plugins.
Preloading 0 native plugins for Editor in 0.00 ms.
Unloading 1829 Unused Serialized files (Serialized files now loaded: 0)
System memory in use before: 85.5 MB.
System memory in use after: 85.5 MB.

Unloading 12 unused Assets to reduce memory usage. Loaded Objects now: 2336.
Total: 3.102900 ms (FindLiveObjects: 0.312400 ms CreateObjectMapping: 0.087900 ms MarkObjects: 2.509800 ms  DeleteObjects: 0.189800 ms)

========================================================================
Received Prepare
Registering precompiled user dll's ...
Registered in 0.002131 seconds.
Begin MonoManager ReloadAssembly
Native extension for WindowsStandalone target not found
Refreshing native plugins compatible for Editor in 0.92 ms, found 1 plugins.
Preloading 0 native plugins for Editor in 0.00 ms.
Invoked RoslynAnalysisRunner static constructor.
RoslynAnalysisRunner will not be running.
RoslynAnalysisRunner has terminated.
Mono: successfully reloaded assembly
- Completed reload, in  2.498 seconds
Platform modules already initialized, skipping
Refreshing native plugins compatible for Editor in 0.93 ms, found 1 plugins.
Preloading 0 native plugins for Editor in 0.00 ms.
Unloading 1829 Unused Serialized files (Serialized files now loaded: 0)
System memory in use before: 85.5 MB.
System memory in use after: 85.5 MB.

Unloading 12 unused Assets to reduce memory usage. Loaded Objects now: 2340.
Total: 6.627700 ms (FindLiveObjects: 1.844600 ms CreateObjectMapping: 0.291600 ms MarkObjects: 4.155000 ms  DeleteObjects: 0.328400 ms)

========================================================================
Received Prepare
Registering precompiled user dll's ...
Registered in 0.002170 seconds.
Begin MonoManager ReloadAssembly
Native extension for WindowsStandalone target not found
Refreshing native plugins compatible for Editor in 0.66 ms, found 1 plugins.
Preloading 0 native plugins for Editor in 0.00 ms.
Invoked RoslynAnalysisRunner static constructor.
RoslynAnalysisRunner will not be running.
RoslynAnalysisRunner has terminated.
Mono: successfully reloaded assembly
- Completed reload, in  2.531 seconds
Platform modules already initialized, skipping
Refreshing native plugins compatible for Editor in 2.46 ms, found 1 plugins.
Preloading 0 native plugins for Editor in 0.00 ms.
Unloading 1829 Unused Serialized files (Serialized files now loaded: 0)
System memory in use before: 85.5 MB.
System memory in use after: 85.5 MB.

Unloading 12 unused Assets to reduce memory usage. Loaded Objects now: 2344.
Total: 2.958000 ms (FindLiveObjects: 0.301700 ms CreateObjectMapping: 0.088200 ms MarkObjects: 2.380000 ms  DeleteObjects: 0.185900 ms)

========================================================================
Received Prepare
Registering precompiled user dll's ...
Registered in 0.002395 seconds.
Begin MonoManager ReloadAssembly
Native extension for WindowsStandalone target not found
Refreshing native plugins compatible for Editor in 0.64 ms, found 1 plugins.
Preloading 0 native plugins for Editor in 0.00 ms.
Invoked RoslynAnalysisRunner static constructor.
RoslynAnalysisRunner will not be running.
RoslynAnalysisRunner has terminated.
Mono: successfully reloaded assembly
- Completed reload, in  2.143 seconds
Platform modules already initialized, skipping
Refreshing native plugins compatible for Editor in 0.71 ms, found 1 plugins.
Preloading 0 native plugins for Editor in 0.00 ms.
Unloading 1829 Unused Serialized files (Serialized files now loaded: 0)
System memory in use before: 85.5 MB.
System memory in use after: 85.5 MB.

Unloading 12 unused Assets to reduce memory usage. Loaded Objects now: 2348.
Total: 7.405100 ms (FindLiveObjects: 0.328300 ms CreateObjectMapping: 0.090000 ms MarkObjects: 6.731500 ms  DeleteObjects: 0.252700 ms)

========================================================================
Received Prepare
Registering precompiled user dll's ...
Registered in 0.001663 seconds.
Begin MonoManager ReloadAssembly
Native extension for WindowsStandalone target not found
Refreshing native plugins compatible for Editor in 0.86 ms, found 1 plugins.
Preloading 0 native plugins for Editor in 0.00 ms.
Invoked RoslynAnalysisRunner static constructor.
RoslynAnalysisRunner will not be running.
RoslynAnalysisRunner has terminated.
Mono: successfully reloaded assembly
- Completed reload, in  3.519 seconds
Platform modules already initialized, skipping
Refreshing native plugins compatible for Editor in 0.67 ms, found 1 plugins.
Preloading 0 native plugins for Editor in 0.00 ms.
Unloading 1829 Unused Serialized files (Serialized files now loaded: 0)
System memory in use before: 85.5 MB.
System memory in use after: 85.5 MB.

Unloading 12 unused Assets to reduce memory usage. Loaded Objects now: 2352.
Total: 16.047600 ms (FindLiveObjects: 0.537100 ms CreateObjectMapping: 0.262800 ms MarkObjects: 14.670600 ms  DeleteObjects: 0.573700 ms)

========================================================================
Received Prepare
Registering precompiled user dll's ...
Registered in 0.001578 seconds.
Begin MonoManager ReloadAssembly
Native extension for WindowsStandalone target not found
Refreshing native plugins compatible for Editor in 0.96 ms, found 1 plugins.
Preloading 0 native plugins for Editor in 0.00 ms.
Invoked RoslynAnalysisRunner static constructor.
RoslynAnalysisRunner will not be running.
RoslynAnalysisRunner has terminated.
Mono: successfully reloaded assembly
- Completed reload, in  1.865 seconds
Platform modules already initialized, skipping
Refreshing native plugins compatible for Editor in 0.59 ms, found 1 plugins.
Preloading 0 native plugins for Editor in 0.00 ms.
Unloading 1829 Unused Serialized files (Serialized files now loaded: 0)
System memory in use before: 85.5 MB.
System memory in use after: 85.5 MB.

Unloading 12 unused Assets to reduce memory usage. Loaded Objects now: 2356.
Total: 3.889200 ms (FindLiveObjects: 0.249000 ms CreateObjectMapping: 0.101100 ms MarkObjects: 3.357900 ms  DeleteObjects: 0.177100 ms)

========================================================================
Received Prepare
Registering precompiled user dll's ...
Registered in 0.001943 seconds.
Begin MonoManager ReloadAssembly
Native extension for WindowsStandalone target not found
Refreshing native plugins compatible for Editor in 0.64 ms, found 1 plugins.
Preloading 0 native plugins for Editor in 0.00 ms.
Invoked RoslynAnalysisRunner static constructor.
RoslynAnalysisRunner will not be running.
RoslynAnalysisRunner has terminated.
Mono: successfully reloaded assembly
- Completed reload, in  2.212 seconds
Platform modules already initialized, skipping
Refreshing native plugins compatible for Editor in 0.86 ms, found 1 plugins.
Preloading 0 native plugins for Editor in 0.00 ms.
Unloading 1829 Unused Serialized files (Serialized files now loaded: 0)
System memory in use before: 85.5 MB.
System memory in use after: 85.5 MB.

Unloading 12 unused Assets to reduce memory usage. Loaded Objects now: 2360.
Total: 3.717900 ms (FindLiveObjects: 0.390200 ms CreateObjectMapping: 0.105700 ms MarkObjects: 3.030600 ms  DeleteObjects: 0.188600 ms)

========================================================================
Received Prepare
Registering precompiled user dll's ...
Registered in 0.001854 seconds.
Begin MonoManager ReloadAssembly
Native extension for WindowsStandalone target not found
Refreshing native plugins compatible for Editor in 0.61 ms, found 1 plugins.
Preloading 0 native plugins for Editor in 0.00 ms.
Invoked RoslynAnalysisRunner static constructor.
RoslynAnalysisRunner will not be running.
RoslynAnalysisRunner has terminated.
Mono: successfully reloaded assembly
- Completed reload, in  2.363 seconds
Platform modules already initialized, skipping
Refreshing native plugins compatible for Editor in 1.26 ms, found 1 plugins.
Preloading 0 native plugins for Editor in 0.00 ms.
Unloading 1829 Unused Serialized files (Serialized files now loaded: 0)
System memory in use before: 85.6 MB.
System memory in use after: 85.5 MB.

Unloading 12 unused Assets to reduce memory usage. Loaded Objects now: 2364.
Total: 7.323100 ms (FindLiveObjects: 3.469500 ms CreateObjectMapping: 0.426100 ms MarkObjects: 3.235500 ms  DeleteObjects: 0.188500 ms)

========================================================================
Received Import Request.
  Time since last request: 2477.611736 seconds.
  path: Assets/ImportedAssetsfrStore/Sunnyland/Scenes
  artifactKey: Guid(5067ec585fac34dd6937038f96d8136d) Importer(815301076,1909f56bfc062723c751e8b465ee728b)
Start importing Assets/ImportedAssetsfrStore/Sunnyland/Scenes using Guid(5067ec585fac34dd6937038f96d8136d) Importer(815301076,1909f56bfc062723c751e8b465ee728b)  -> (artifact id: 'f608d027f584e3197f6ebd0ca072fc02') in 0.051387 seconds
  Import took 0.075803 seconds .

========================================================================
Received Import Request.
  Time since last request: 1.071518 seconds.
  path: Assets/ImportedAssetsfrStore/Sunnyland/Scenes/demo.unity
  artifactKey: Guid(cbd2611183a8d41e8b5ae48b2b35bbf1) Importer(815301076,1909f56bfc062723c751e8b465ee728b)
Start importing Assets/ImportedAssetsfrStore/Sunnyland/Scenes/demo.unity using Guid(cbd2611183a8d41e8b5ae48b2b35bbf1) Importer(815301076,1909f56bfc062723c751e8b465ee728b)  -> (artifact id: 'd634aa04ebb4bb5993f811db62133174') in 0.046714 seconds
  Import took 0.080941 seconds .

========================================================================
Received Import Request.
  Time since last request: 71.333829 seconds.
  path: Assets/ImportedAssetsfrStore/Standard Assets/2D/Animator/2dCharacterAnimator.controller
  artifactKey: Guid(5fc43f0c4b413534ba12c51c0e5e5f6f) Importer(815301076,1909f56bfc062723c751e8b465ee728b)
Start importing Assets/ImportedAssetsfrStore/Standard Assets/2D/Animator/2dCharacterAnimator.controller using Guid(5fc43f0c4b413534ba12c51c0e5e5f6f) Importer(815301076,1909f56bfc062723c751e8b465ee728b)  -> (artifact id: 'ee9679e0d74245d44ec965908f1873ed') in 0.095506 seconds
  Import took 0.131217 seconds .

========================================================================
Received Prepare
Registering precompiled user dll's ...
Registered in 0.002287 seconds.
Begin MonoManager ReloadAssembly
Native extension for WindowsStandalone target not found
Refreshing native plugins compatible for Editor in 1.18 ms, found 1 plugins.
Preloading 0 native plugins for Editor in 0.00 ms.
Invoked RoslynAnalysisRunner static constructor.
RoslynAnalysisRunner will not be running.
RoslynAnalysisRunner has terminated.
Mono: successfully reloaded assembly
- Completed reload, in  2.248 seconds
Platform modules already initialized, skipping
Refreshing native plugins compatible for Editor in 0.65 ms, found 1 plugins.
Preloading 0 native plugins for Editor in 0.00 ms.
Unloading 1829 Unused Serialized files (Serialized files now loaded: 0)
System memory in use before: 85.6 MB.
System memory in use after: 85.6 MB.

Unloading 12 unused Assets to reduce memory usage. Loaded Objects now: 2368.
Total: 4.074900 ms (FindLiveObjects: 0.798000 ms CreateObjectMapping: 0.256400 ms MarkObjects: 2.805900 ms  DeleteObjects: 0.211900 ms)

========================================================================
Received Import Request.
  Time since last request: 162.176766 seconds.
  path: Assets/Scenes/testScene1.unity
  artifactKey: Guid(d2c9399d55ccd9944a275ba3c8e5208b) Importer(815301076,1909f56bfc062723c751e8b465ee728b)
Start importing Assets/Scenes/testScene1.unity using Guid(d2c9399d55ccd9944a275ba3c8e5208b) Importer(815301076,1909f56bfc062723c751e8b465ee728b)  -> (artifact id: '83394e0327a073df0e46e86e5d5bf280') in 0.049381 seconds
  Import took 0.102953 seconds .

